<?xml version="1.0" encoding="UTF-8"?>
<!-- Generated by org.testng.reporters.JUnitReportReporter -->
<testsuite skipped="0" hostname="DESKTOP-NUFG68S" name="Test.day1" tests="2" failures="0" timestamp="2021-04-24T20:21:28 IST" time="0.040" errors="0">
  <testcase name="carLoan" time="0.037" classname="Test.day1"/>
  <system-out/>
  <testcase name="personal" time="0.003" classname="Test.day1"/>
  <system-out/>
</testsuite> <!-- Test.day1 -->
