<?xml version="1.0" encoding="UTF-8"?>
<!-- Generated by org.testng.reporters.JUnitReportReporter -->
<testsuite skipped="0" hostname="DESKTOP-NUFG68S" name="Test.FirstTestNg" tests="4" failures="0" timestamp="2021-04-07T00:57:00 IST" time="0.015" errors="0">
  <testcase name="Tester" time="0.000" classname="Test.FirstTestNg"/>
  <system-out/>
  <testcase name="Createsurec" time="0.000" classname="Test.FirstTestNg"/>
  <system-out/>
  <testcase name="Demo" time="0.000" classname="Test.FirstTestNg"/>
  <system-out/>
  <testcase name="Logout" time="0.015" classname="Test.FirstTestNg"/>
  <system-out/>
</testsuite> <!-- Test.FirstTestNg -->
