<?xml version="1.0" encoding="UTF-8"?>
<!-- Generated by org.testng.reporters.JUnitReportReporter -->
<testsuite skipped="0" hostname="DESKTOP-NUFG68S" name="Test.day2" tests="2" failures="0" timestamp="2021-04-07T00:57:00 IST" time="0.016" errors="0">
  <testcase name="a" time="0.000" classname="Test.day2"/>
  <system-out/>
  <testcase name="b" time="0.016" classname="Test.day2"/>
  <system-out/>
</testsuite> <!-- Test.day2 -->
